Running: fuse.exe -relaunch -intstyle "ise" -incremental -lib "secureip" -o "C:/work/vhdl/test1/fader_testb_isim_beh.exe" -prj "C:/work/vhdl/test1/fader_testb_beh.prj" "work.fader_testb" 
ISim P.20131013 (signature 0x7708f090)
Number of CPUs detected in this system: 8
Turning on mult-threading, number of parallel sub-compilation jobs: 16 
Determining compilation order of HDL files
Parsing VHDL file "C:/work/vhdl/test1/pwm.vhd" into library work
Parsing VHDL file "C:/work/vhdl/test1/fader.vhd" into library work
Parsing VHDL file "C:/work/vhdl/test1/fader_testb.vhd" into library work
Starting static elaboration
Completed static elaboration
Compiling package standard
Compiling package std_logic_1164
Compiling package std_logic_arith
Compiling package std_logic_unsigned
Compiling architecture logic of entity pwm [\pwm(1000000,10000,4)\]
Compiling architecture behavioral of entity fader [fader_default]
Compiling architecture behavior of entity fader_testb
Time Resolution for simulation is 1ps.
Waiting for 1 sub-compilation(s) to finish...
Compiled 9 VHDL Units
Built simulation executable C:/work/vhdl/test1/fader_testb_isim_beh.exe
Fuse Memory Usage: 34684 KB
Fuse CPU Usage: 421 ms
